#
# There is insufficient memory for the Java Runtime Environment to continue.
# Native memory allocation (mmap) failed to map 130023424 bytes for G1 virtual space
# Possible reasons:
#   The system is out of physical RAM or swap space
#   The process is running with CompressedOops enabled, and the Java Heap may be blocking the growth of the native heap
# Possible solutions:
#   Reduce memory load on the system
#   Increase physical memory or swap space
#   Check if swap backing store is full
#   Decrease Java heap size (-Xmx/-Xms)
#   Decrease number of Java threads
#   Decrease Java thread stack sizes (-Xss)
#   Set larger code cache with -XX:ReservedCodeCacheSize=
#   JVM is running with Unscaled Compressed Oops mode in which the Java heap is
#     placed in the first 4GB address space. The Java Heap base address is the
#     maximum limit for the native heap growth. Please use -XX:HeapBaseMinAddress
#     to set the Java Heap base and to place the Java Heap above 4GB virtual address.
# This output file may be truncated or incomplete.
#
#  Out of Memory Error (os_windows.cpp:3825), pid=10148, tid=20656
#
# JRE version:  (17.0.9+7) (build )
# Java VM: OpenJDK 64-Bit Server VM (17.0.9+7-b1000.46, mixed mode, sharing, tiered, compressed oops, compressed class ptrs, g1 gc, windows-amd64)
# No core dump will be written. Minidumps are not enabled by default on client versions of Windows
#

---------------  S U M M A R Y ------------

Command Line: -javaagent:C:\Program Files\JetBrains\IntelliJ IDEA Community Edition 2023.2.5\lib\idea_rt.jar=59400:C:\Program Files\JetBrains\IntelliJ IDEA Community Edition 2023.2.5\bin -Dfile.encoding=UTF-8 com.ijse.cmjd.posSystemBackend.PosSystemBackendApplication

Host: 11th Gen Intel(R) Core(TM) i5-1135G7 @ 2.40GHz, 8 cores, 7G,  Windows 11 , 64 bit Build 22621 (10.0.22621.2506)
Time: Wed Jan 31 00:29:55 2024 Sri Lanka Standard Time elapsed time: 0.018408 seconds (0d 0h 0m 0s)

---------------  T H R E A D  ---------------

Current thread (0x0000021538706b30):  JavaThread "Unknown thread" [_thread_in_vm, id=20656, stack(0x0000009722800000,0x0000009722900000)]

Stack: [0x0000009722800000,0x0000009722900000]
Native frames: (J=compiled Java code, j=interpreted, Vv=VM code, C=native code)
V  [jvm.dll+0x6886e9]
V  [jvm.dll+0x841e4a]
V  [jvm.dll+0x843a8e]
V  [jvm.dll+0x8440f3]
V  [jvm.dll+0x24c14f]
V  [jvm.dll+0x685499]
V  [jvm.dll+0x679c2a]
V  [jvm.dll+0x30cf9b]
V  [jvm.dll+0x314446]
V  [jvm.dll+0x36425e]
V  [jvm.dll+0x36448f]
V  [jvm.dll+0x2e2d68]
V  [jvm.dll+0x2e3cd4]
V  [jvm.dll+0x8129f1]
V  [jvm.dll+0x3720c1]
V  [jvm.dll+0x7f152c]
V  [jvm.dll+0x3f5d4f]
V  [jvm.dll+0x3f7981]
C  [jli.dll+0x528f]
C  [ucrtbase.dll+0x29363]
C  [KERNEL32.DLL+0x1257d]
C  [ntdll.dll+0x5aa58]


---------------  P R O C E S S  ---------------

Threads class SMR info:
_java_thread_list=0x00007ffa4b75ef18, length=0, elements={
}

Java Threads: ( => current thread )

Other Threads:
  0x000002153875ffe0 GCTaskThread "GC Thread#0" [stack: 0x0000009722900000,0x0000009722a00000] [id=19544]
  0x00000215387705b0 ConcurrentGCThread "G1 Main Marker" [stack: 0x0000009722a00000,0x0000009722b00000] [id=14752]
  0x0000021538770fd0 ConcurrentGCThread "G1 Conc#0" [stack: 0x0000009722b00000,0x0000009722c00000] [id=19660]

[error occurred during error reporting (printing all threads), id 0xc0000005, EXCEPTION_ACCESS_VIOLATION (0xc0000005) at pc=0x00007ffa4af13937]

VM state: not at safepoint (not fully initialized)

VM Mutex/Monitor currently owned by a thread:  ([mutex/lock_event])
[0x0000021538701930] Heap_lock - owner thread: 0x0000021538706b30

Heap address: 0x0000000084c00000, size: 1972 MB, Compressed Oops mode: 32-bit

CDS archive(s) mapped at: [0x0000000000000000-0x0000000000000000-0x0000000000000000), size 0, SharedBaseAddress: 0x0000000800000000, ArchiveRelocationMode: 1.
Narrow klass base: 0x0000000000000000, Narrow klass shift: 0, Narrow klass range: 0x0

GC Precious Log:
<Empty>

Heap:
 garbage-first heap   total 0K, used 0K [0x0000000084c00000, 0x0000000100000000)
  region size 1024K, 0 young (0K), 0 survivors (0K)
 Metaspace       used 0K, committed 0K, reserved 0K
  class space    used 0K, committed 0K, reserved 0K

Heap Regions: E=young(eden), S=young(survivor), O=old, HS=humongous(starts), HC=humongous(continues), CS=collection set, F=free, OA=open archive, CA=closed archive, TAMS=top-at-mark-start (previous, next)

Card table byte_map: [0x000002154d4a0000,0x000002154d880000] _byte_map_base: 0x000002154d07a000

Marking Bits (Prev, Next): (CMBitMap*) 0x0000021538760600, (CMBitMap*) 0x0000021538760640
 Prev Bits: [0x000002154dc60000, 0x000002154fb30000)
 Next Bits: [0x000002154fb30000, 0x0000021551a00000)

GC Heap History (0 events):
No events

Dll operation events (1 events):
Event: 0.013 Loaded shared library C:\Program Files\JetBrains\IntelliJ IDEA Community Edition 2023.2.5\jbr\bin\java.dll

Deoptimization events (0 events):
No events

Classes unloaded (0 events):
No events

Classes redefined (0 events):
No events

Internal exceptions (0 events):
No events

VM Operations (0 events):
No events

Events (0 events):
No events


Dynamic libraries:
0x00007ff69f1b0000 - 0x00007ff69f1ba000 	C:\Program Files\JetBrains\IntelliJ IDEA Community Edition 2023.2.5\jbr\bin\java.exe
0x00007ffaa62d0000 - 0x00007ffaa64e7000 	C:\WINDOWS\SYSTEM32\ntdll.dll
0x00007ffaa5b80000 - 0x00007ffaa5c44000 	C:\WINDOWS\System32\KERNEL32.DLL
0x00007ffaa3610000 - 0x00007ffaa39b6000 	C:\WINDOWS\System32\KERNELBASE.dll
0x00007ffaa3de0000 - 0x00007ffaa3ef1000 	C:\WINDOWS\System32\ucrtbase.dll
0x00007ffa8a450000 - 0x00007ffa8a46b000 	C:\Program Files\JetBrains\IntelliJ IDEA Community Edition 2023.2.5\jbr\bin\VCRUNTIME140.dll
0x00007ffa8a6e0000 - 0x00007ffa8a6f7000 	C:\Program Files\JetBrains\IntelliJ IDEA Community Edition 2023.2.5\jbr\bin\jli.dll
0x00007ffaa4020000 - 0x00007ffaa41ce000 	C:\WINDOWS\System32\USER32.dll
0x00007ffa7f290000 - 0x00007ffa7f523000 	C:\WINDOWS\WinSxS\amd64_microsoft.windows.common-controls_6595b64144ccf1df_6.0.22621.2506_none_270c5ae97388e100\COMCTL32.dll
0x00007ffaa3db0000 - 0x00007ffaa3dd6000 	C:\WINDOWS\System32\win32u.dll
0x00007ffaa5e40000 - 0x00007ffaa5ee7000 	C:\WINDOWS\System32\msvcrt.dll
0x00007ffaa4250000 - 0x00007ffaa4279000 	C:\WINDOWS\System32\GDI32.dll
0x00007ffaa3f00000 - 0x00007ffaa4018000 	C:\WINDOWS\System32\gdi32full.dll
0x00007ffaa39c0000 - 0x00007ffaa3a5a000 	C:\WINDOWS\System32\msvcp_win.dll
0x00007ffaa4fa0000 - 0x00007ffaa4fd1000 	C:\WINDOWS\System32\IMM32.DLL
0x00007ffa8a6d0000 - 0x00007ffa8a6dc000 	C:\Program Files\JetBrains\IntelliJ IDEA Community Edition 2023.2.5\jbr\bin\vcruntime140_1.dll
0x00007ffa795e0000 - 0x00007ffa7966d000 	C:\Program Files\JetBrains\IntelliJ IDEA Community Edition 2023.2.5\jbr\bin\msvcp140.dll
0x00007ffa4ac20000 - 0x00007ffa4b8a3000 	C:\Program Files\JetBrains\IntelliJ IDEA Community Edition 2023.2.5\jbr\bin\server\jvm.dll
0x00007ffaa5260000 - 0x00007ffaa5313000 	C:\WINDOWS\System32\ADVAPI32.dll
0x00007ffaa5d90000 - 0x00007ffaa5e38000 	C:\WINDOWS\System32\sechost.dll
0x00007ffaa3bd0000 - 0x00007ffaa3bf8000 	C:\WINDOWS\System32\bcrypt.dll
0x00007ffaa59f0000 - 0x00007ffaa5b07000 	C:\WINDOWS\System32\RPCRT4.dll
0x00007ffa87ea0000 - 0x00007ffa87ea9000 	C:\WINDOWS\SYSTEM32\WSOCK32.dll
0x00007ffaa2490000 - 0x00007ffaa24dd000 	C:\WINDOWS\SYSTEM32\POWRPROF.dll
0x00007ffa973d0000 - 0x00007ffa97404000 	C:\WINDOWS\SYSTEM32\WINMM.dll
0x00007ffaa5ef0000 - 0x00007ffaa5f61000 	C:\WINDOWS\System32\WS2_32.dll
0x00007ffa98bd0000 - 0x00007ffa98bda000 	C:\WINDOWS\SYSTEM32\VERSION.dll
0x00007ffaa2470000 - 0x00007ffaa2483000 	C:\WINDOWS\SYSTEM32\UMPDC.dll
0x00007ffaa2730000 - 0x00007ffaa2748000 	C:\WINDOWS\SYSTEM32\kernel.appcore.dll
0x00007ffa9bfb0000 - 0x00007ffa9bfba000 	C:\Program Files\JetBrains\IntelliJ IDEA Community Edition 2023.2.5\jbr\bin\jimage.dll
0x00007ffaa09e0000 - 0x00007ffaa0c13000 	C:\WINDOWS\SYSTEM32\DBGHELP.DLL
0x00007ffaa4280000 - 0x00007ffaa4609000 	C:\WINDOWS\System32\combase.dll
0x00007ffaa4e70000 - 0x00007ffaa4f47000 	C:\WINDOWS\System32\OLEAUT32.dll
0x00007ffa8df40000 - 0x00007ffa8df72000 	C:\WINDOWS\SYSTEM32\dbgcore.DLL
0x00007ffaa3c70000 - 0x00007ffaa3cea000 	C:\WINDOWS\System32\bcryptPrimitives.dll
0x00007ffa8a900000 - 0x00007ffa8a90e000 	C:\Program Files\JetBrains\IntelliJ IDEA Community Edition 2023.2.5\jbr\bin\instrument.dll
0x00007ffa8a930000 - 0x00007ffa8a955000 	C:\Program Files\JetBrains\IntelliJ IDEA Community Edition 2023.2.5\jbr\bin\java.dll

dbghelp: loaded successfully - version: 4.0.5 - missing functions: none
symbol engine: initialized successfully - sym options: 0x614 - pdb path: .;C:\Program Files\JetBrains\IntelliJ IDEA Community Edition 2023.2.5\jbr\bin;C:\WINDOWS\SYSTEM32;C:\WINDOWS\WinSxS\amd64_microsoft.windows.common-controls_6595b64144ccf1df_6.0.22621.2506_none_270c5ae97388e100;C:\Program Files\JetBrains\IntelliJ IDEA Community Edition 2023.2.5\jbr\bin\server

VM Arguments:
jvm_args: -javaagent:C:\Program Files\JetBrains\IntelliJ IDEA Community Edition 2023.2.5\lib\idea_rt.jar=59400:C:\Program Files\JetBrains\IntelliJ IDEA Community Edition 2023.2.5\bin -Dfile.encoding=UTF-8 
java_command: com.ijse.cmjd.posSystemBackend.PosSystemBackendApplication
java_class_path (initial): C:\Users\ASUS\Desktop\Cmjd\FinalCoursework\pos_system_backend\target\classes;C:\Users\ASUS\.m2\repository\org\springframework\boot\spring-boot-starter-data-jpa\3.1.8\spring-boot-starter-data-jpa-3.1.8.jar;C:\Users\ASUS\.m2\repository\org\springframework\boot\spring-boot-starter-aop\3.1.8\spring-boot-starter-aop-3.1.8.jar;C:\Users\ASUS\.m2\repository\org\springframework\spring-aop\6.0.16\spring-aop-6.0.16.jar;C:\Users\ASUS\.m2\repository\org\aspectj\aspectjweaver\1.9.21\aspectjweaver-1.9.21.jar;C:\Users\ASUS\.m2\repository\org\springframework\boot\spring-boot-starter-jdbc\3.1.8\spring-boot-starter-jdbc-3.1.8.jar;C:\Users\ASUS\.m2\repository\com\zaxxer\HikariCP\5.0.1\HikariCP-5.0.1.jar;C:\Users\ASUS\.m2\repository\org\springframework\spring-jdbc\6.0.16\spring-jdbc-6.0.16.jar;C:\Users\ASUS\.m2\repository\org\springframework\data\spring-data-jpa\3.1.8\spring-data-jpa-3.1.8.jar;C:\Users\ASUS\.m2\repository\org\springframework\data\spring-data-commons\3.1.8\spring-data-commons-3.1.8.jar;C:\Users\ASUS\.m2\repository\org\springframework\spring-orm\6.0.16\spring-orm-6.0.16.jar;C:\Users\ASUS\.m2\repository\org\springframework\spring-context\6.0.16\spring-context-6.0.16.jar;C:\Users\ASUS\.m2\repository\org\springframework\spring-tx\6.0.16\spring-tx-6.0.16.jar;C:\Users\ASUS\.m2\repository\org\springframework\spring-beans\6.0.16\spring-beans-6.0.16.jar;C:\Users\ASUS\.m2\repository\jakarta\annotation\jakarta.annotation-api\2.1.1\jakarta.annotation-api-2.1.1.jar;C:\Users\ASUS\.m2\repository\org\slf4j\slf4j-api\2.0.11\slf4j-api-2.0.11.jar;C:\Users\ASUS\.m2\repository\org\springframework\spring-aspects\6.0.16\spring-aspects-6.0.16.jar;C:\Users\ASUS\.m2\repository\org\springframework\boot\spring-boot-starter-web\3.1.8\spring-boot-starter-web-3.1.8.jar;C:\Users\ASUS\.m2\repository\org\springframework\boot\spring-boot-starter\3.1.8\spring-boot-starter-3.1.8.jar;C:\Users\ASUS\.m2\repository\org\springframework\boot\spring-boot\3.1.8\spring-boot-3.1.8.jar;C:\
Launcher Type: SUN_STANDARD

[Global flags]
     intx CICompilerCount                          = 4                                         {product} {ergonomic}
     uint ConcGCThreads                            = 2                                         {product} {ergonomic}
     uint G1ConcRefinementThreads                  = 8                                         {product} {ergonomic}
   size_t G1HeapRegionSize                         = 1048576                                   {product} {ergonomic}
    uintx GCDrainStackTargetSize                   = 64                                        {product} {ergonomic}
   size_t InitialHeapSize                          = 130023424                                 {product} {ergonomic}
   size_t MarkStackSize                            = 4194304                                   {product} {ergonomic}
   size_t MaxHeapSize                              = 2067791872                                {product} {ergonomic}
   size_t MinHeapDeltaBytes                        = 1048576                                   {product} {ergonomic}
   size_t MinHeapSize                              = 8388608                                   {product} {ergonomic}
    uintx NonNMethodCodeHeapSize                   = 5839372                                {pd product} {ergonomic}
    uintx NonProfiledCodeHeapSize                  = 122909434                              {pd product} {ergonomic}
    uintx ProfiledCodeHeapSize                     = 122909434                              {pd product} {ergonomic}
    uintx ReservedCodeCacheSize                    = 251658240                              {pd product} {ergonomic}
     bool SegmentedCodeCache                       = true                                      {product} {ergonomic}
   size_t SoftMaxHeapSize                          = 2067791872                             {manageable} {ergonomic}
     bool UseCompressedClassPointers               = true                           {product lp64_product} {ergonomic}
     bool UseCompressedOops                        = true                           {product lp64_product} {ergonomic}
     bool UseG1GC                                  = true                                      {product} {ergonomic}
     bool UseLargePagesIndividualAllocation        = false                                  {pd product} {ergonomic}

Logging:
Log output configuration:
 #0: stdout all=warning uptime,level,tags
 #1: stderr all=off uptime,level,tags

Environment Variables:
JAVA_HOME=C:\Program Files\Java\jdk1.8.0_202
PATH=C:\Program Files\Common Files\Oracle\Java\javapath;C:\Program Files (x86)\Common Files\Oracle\Java\javapath;C:\Program Files (x86)\Common Files\Intel\Shared Libraries\redist\intel64\compiler;C:\Windows\system32;C:\Windows;C:\Windows\System32\Wbem;C:\Windows\System32\WindowsPowerShell\v1.0\;C:\Windows\System32\OpenSSH\;C:\Program Files (x86)\NVIDIA Corporation\PhysX\Common;C:\WINDOWS\system32;C:\WINDOWS;C:\WINDOWS\System32\Wbem;C:\WINDOWS\System32\WindowsPowerShell\v1.0\;C:\WINDOWS\System32\OpenSSH\;C:\Program Files\Java\jdk1.8.0_202\bin;C:\Program Files\Git\cmd;C:\Program Files\maven\apache-maven-3.9.6\bin;C:\Program Files\MySQL\MySQL Shell 8.0\bin\;C:\Users\ASUS\AppData\Local\Microsoft\WindowsApps;;C:\Users\ASUS\AppData\Local\Programs\Microsoft VS Code\bin;D:\Fiddler;C:\Users\ASUS\AppData\Local\Microsoft\WindowsApps;D:\PyCharm Community Edition 2023.2.5\bin;;C:\Program Files\JetBrains\IntelliJ IDEA Community Edition 2023.2.5\bin;
USERNAME=ASUS
OS=Windows_NT
PROCESSOR_IDENTIFIER=Intel64 Family 6 Model 140 Stepping 1, GenuineIntel
TMP=C:\Users\ASUS\AppData\Local\Temp
TEMP=C:\Users\ASUS\AppData\Local\Temp



Periodic native trim disabled

JNI global refs:
JNI global refs: 0, weak refs: 0

JNI global refs memory usage: 0, weak refs: 0

OOME stack traces (most recent first):
Classloader memory used:


---------------  S Y S T E M  ---------------

OS:
 Windows 11 , 64 bit Build 22621 (10.0.22621.2506)
OS uptime: 0 days 14:11 hours

CPU: total 8 (initial active 8) (4 cores per cpu, 2 threads per core) family 6 model 140 stepping 1 microcode 0x9a, cx8, cmov, fxsr, ht, mmx, 3dnowpref, sse, sse2, sse3, ssse3, sse4.1, sse4.2, popcnt, lzcnt, tsc, tscinvbit, avx, avx2, aes, erms, clmul, bmi1, bmi2, adx, avx512f, avx512dq, avx512cd, avx512bw, avx512vl, sha, fma, vzeroupper, avx512_vpopcntdq, avx512_vpclmulqdq, avx512_vaes, avx512_vnni, clflush, clflushopt, clwb, avx512_vbmi2, avx512_vbmi
Processor Information for all 8 processors :
  Max Mhz: 2419, Current Mhz: 2419, Mhz Limit: 2419

Memory: 4k page, system-wide physical 7883M (487M free)
TotalPageFile size 16075M (AvailPageFile size 61M)
current process WorkingSet (physical memory assigned to process): 11M, peak: 11M
current process commit charge ("private bytes"): 60M, peak: 184M

vm_info: OpenJDK 64-Bit Server VM (17.0.9+7-b1000.46) for windows-amd64 JRE (17.0.9+7-b1000.46), built on 2023-10-27 by "builduser" with MS VC++ 16.10 / 16.11 (VS2019)

END.
